2025-11-04 01:02:34,876 - root - INFO - Baby Cry Detection System - Starting...
2025-11-04 01:02:34,876 - root - INFO - Action: train
2025-11-04 01:02:34,876 - root - INFO - Results directory: results\train_2025-11-04_01-02-34
2025-11-04 01:02:34,877 - root - INFO - ============================================================
2025-11-04 01:02:34,877 - root - INFO - STARTING CNN-TRANSFORMER BABY CRY DETECTION MODEL TRAINING
2025-11-04 01:02:34,877 - root - INFO - ============================================================
2025-11-04 01:02:34,877 - root - INFO - System Information:
2025-11-04 01:02:34,900 - root - INFO -   Platform: Windows-11-10.0.26200-SP0
2025-11-04 01:02:34,900 - root - INFO -   Python: 3.13.9
2025-11-04 01:02:34,901 - root - INFO -   CPU: 22 cores
2025-11-04 01:02:34,901 - root - INFO -   RAM: 15.5 GB
2025-11-04 01:02:34,919 - root - INFO -   GPU: NVIDIA GeForce RTX 4060 Laptop GPU
2025-11-04 01:02:34,919 - root - INFO -   CUDA: 12.6
2025-11-04 01:02:34,920 - root - INFO - Experiment configuration saved to results\train_2025-11-04_01-02-34\experiment_config.json
2025-11-04 01:02:34,921 - root - INFO - Using device: cuda
2025-11-04 01:02:35,026 - root - INFO - Model initialized with 5,049,124 trainable parameters
2025-11-04 01:02:35,026 - root - INFO - Collecting audio files...
2025-11-04 01:02:35,516 - root - INFO - Found 9264 total audio files
2025-11-04 01:02:35,516 - root - INFO - Class weights (cry_multiplier=1.1): non_cry=0.984, cry=1.118
2025-11-04 01:02:42,418 - root - INFO - Dataset initialized with 5558 samples
2025-11-04 01:02:42,418 - root - INFO -   non_cry: 2824 samples
2025-11-04 01:02:42,419 - root - INFO -   cry: 2734 samples
2025-11-04 01:02:42,421 - root - INFO - Dataset initialized with 1853 samples
2025-11-04 01:02:42,421 - root - INFO -   cry: 912 samples
2025-11-04 01:02:42,421 - root - INFO -   non_cry: 941 samples
2025-11-04 01:02:42,424 - root - INFO - Dataset initialized with 1853 samples
2025-11-04 01:02:42,424 - root - INFO -   non_cry: 942 samples
2025-11-04 01:02:42,424 - root - INFO -   cry: 911 samples
2025-11-04 01:02:42,425 - root - INFO - Dataset splits - Train: 5558, Val: 1853, Test: 1853
2025-11-04 01:02:42,457 - root - INFO - Using Focal Loss (alpha=0.25, gamma=2.5) with cry_weight_multiplier=1.1 for enhanced weak cry detection
2025-11-04 01:02:51,601 - root - INFO - Training setup completed
2025-11-04 01:02:51,601 - root - INFO - Analyzing dataset...
2025-11-04 01:04:17,610 - root - INFO - Dataset analysis report saved to results\train_2025-11-04_01-02-34\logs\dataset_report.txt
2025-11-04 01:04:57,088 - root - INFO - Sample visualizations saved to results\train_2025-11-04_01-02-34\plots
2025-11-04 01:04:57,090 - root - INFO - Starting training...
2025-11-04 01:07:57,412 - root - INFO - Epoch [1/80] Train Loss: 0.0393 Train Acc: 0.6172 Val Loss: 0.0222 Val Acc: 0.8225 LR: 0.000100 Time: 180.32s
2025-11-04 01:11:12,953 - root - INFO - Epoch [2/80] Train Loss: 0.0243 Train Acc: 0.7916 Val Loss: 0.0183 Val Acc: 0.8667 LR: 0.000100 Time: 195.52s
2025-11-04 01:14:18,975 - root - INFO - Epoch [3/80] Train Loss: 0.0201 Train Acc: 0.8405 Val Loss: 0.0139 Val Acc: 0.8824 LR: 0.000100 Time: 186.01s
2025-11-04 01:17:23,246 - root - INFO - Epoch [4/80] Train Loss: 0.0183 Train Acc: 0.8596 Val Loss: 0.0137 Val Acc: 0.9088 LR: 0.000100 Time: 184.25s
2025-11-04 01:20:31,689 - root - INFO - Epoch [5/80] Train Loss: 0.0176 Train Acc: 0.8614 Val Loss: 0.0106 Val Acc: 0.9234 LR: 0.000100 Time: 188.44s
2025-11-04 01:23:43,403 - root - INFO - Epoch [6/80] Train Loss: 0.0166 Train Acc: 0.8688 Val Loss: 0.0125 Val Acc: 0.9099 LR: 0.000100 Time: 191.69s
2025-11-04 01:26:50,442 - root - INFO - Epoch [7/80] Train Loss: 0.0149 Train Acc: 0.8801 Val Loss: 0.0129 Val Acc: 0.9255 LR: 0.000100 Time: 187.04s
2025-11-04 01:30:02,308 - root - INFO - Epoch [8/80] Train Loss: 0.0155 Train Acc: 0.8777 Val Loss: 0.0110 Val Acc: 0.9201 LR: 0.000100 Time: 191.87s
2025-11-04 01:33:09,795 - root - INFO - Epoch [9/80] Train Loss: 0.0154 Train Acc: 0.8726 Val Loss: 0.0101 Val Acc: 0.9217 LR: 0.000100 Time: 187.49s
2025-11-04 01:36:16,852 - root - INFO - Epoch [10/80] Train Loss: 0.0146 Train Acc: 0.8854 Val Loss: 0.0096 Val Acc: 0.9325 LR: 0.000100 Time: 187.06s
2025-11-04 01:39:35,605 - root - INFO - Epoch [11/80] Train Loss: 0.0137 Train Acc: 0.8901 Val Loss: 0.0100 Val Acc: 0.9379 LR: 0.000100 Time: 198.73s
2025-11-04 01:42:45,751 - root - INFO - Epoch [12/80] Train Loss: 0.0131 Train Acc: 0.9013 Val Loss: 0.0096 Val Acc: 0.9363 LR: 0.000100 Time: 190.15s
2025-11-04 01:45:53,911 - root - INFO - Epoch [13/80] Train Loss: 0.0130 Train Acc: 0.9024 Val Loss: 0.0083 Val Acc: 0.9433 LR: 0.000100 Time: 188.16s
2025-11-04 01:49:05,725 - root - INFO - Epoch [14/80] Train Loss: 0.0127 Train Acc: 0.9017 Val Loss: 0.0103 Val Acc: 0.9390 LR: 0.000100 Time: 191.79s
2025-11-04 01:52:19,149 - root - INFO - Epoch [15/80] Train Loss: 0.0130 Train Acc: 0.8975 Val Loss: 0.0096 Val Acc: 0.9487 LR: 0.000100 Time: 193.42s
2025-11-04 01:55:28,840 - root - INFO - Epoch [16/80] Train Loss: 0.0109 Train Acc: 0.9161 Val Loss: 0.0081 Val Acc: 0.9466 LR: 0.000100 Time: 189.69s
2025-11-04 01:58:43,714 - root - INFO - Epoch [17/80] Train Loss: 0.0130 Train Acc: 0.8964 Val Loss: 0.0073 Val Acc: 0.9498 LR: 0.000100 Time: 194.87s
2025-11-04 02:01:51,931 - root - INFO - Epoch [18/80] Train Loss: 0.0121 Train Acc: 0.9079 Val Loss: 0.0080 Val Acc: 0.9525 LR: 0.000100 Time: 188.20s
2025-11-04 02:05:01,696 - root - INFO - Epoch [19/80] Train Loss: 0.0108 Train Acc: 0.9242 Val Loss: 0.0076 Val Acc: 0.9514 LR: 0.000100 Time: 189.76s
2025-11-04 02:08:13,333 - root - INFO - Epoch [20/80] Train Loss: 0.0111 Train Acc: 0.9153 Val Loss: 0.0067 Val Acc: 0.9584 LR: 0.000100 Time: 191.64s
2025-11-04 02:11:22,646 - root - INFO - Epoch [21/80] Train Loss: 0.0109 Train Acc: 0.9166 Val Loss: 0.0076 Val Acc: 0.9525 LR: 0.000100 Time: 189.31s
2025-11-04 02:14:28,660 - root - INFO - Epoch [22/80] Train Loss: 0.0104 Train Acc: 0.9155 Val Loss: 0.0077 Val Acc: 0.9552 LR: 0.000100 Time: 186.01s
2025-11-04 02:17:41,522 - root - INFO - Epoch [23/80] Train Loss: 0.0107 Train Acc: 0.9164 Val Loss: 0.0065 Val Acc: 0.9628 LR: 0.000100 Time: 192.86s
2025-11-04 02:20:57,139 - root - INFO - Epoch [24/80] Train Loss: 0.0102 Train Acc: 0.9241 Val Loss: 0.0084 Val Acc: 0.9568 LR: 0.000100 Time: 195.62s
2025-11-04 02:24:08,711 - root - INFO - Epoch [25/80] Train Loss: 0.0104 Train Acc: 0.9241 Val Loss: 0.0070 Val Acc: 0.9541 LR: 0.000100 Time: 191.57s
2025-11-04 02:27:19,218 - root - INFO - Epoch [26/80] Train Loss: 0.0104 Train Acc: 0.9190 Val Loss: 0.0068 Val Acc: 0.9601 LR: 0.000100 Time: 190.51s
2025-11-04 02:30:29,177 - root - INFO - Epoch [27/80] Train Loss: 0.0105 Train Acc: 0.9173 Val Loss: 0.0081 Val Acc: 0.9509 LR: 0.000100 Time: 189.96s
2025-11-04 02:33:43,080 - root - INFO - Epoch [28/80] Train Loss: 0.0104 Train Acc: 0.9181 Val Loss: 0.0078 Val Acc: 0.9498 LR: 0.000100 Time: 193.90s
2025-11-04 02:36:57,174 - root - INFO - Epoch [29/80] Train Loss: 0.0105 Train Acc: 0.9215 Val Loss: 0.0062 Val Acc: 0.9595 LR: 0.000100 Time: 194.09s
2025-11-04 02:40:07,472 - root - INFO - Epoch [30/80] Train Loss: 0.0098 Train Acc: 0.9239 Val Loss: 0.0075 Val Acc: 0.9568 LR: 0.000100 Time: 190.28s
2025-11-04 02:43:15,566 - root - INFO - Epoch [31/80] Train Loss: 0.0094 Train Acc: 0.9270 Val Loss: 0.0079 Val Acc: 0.9601 LR: 0.000100 Time: 188.09s
2025-11-04 02:46:21,858 - root - INFO - Epoch [32/80] Train Loss: 0.0097 Train Acc: 0.9295 Val Loss: 0.0074 Val Acc: 0.9595 LR: 0.000100 Time: 186.29s
2025-11-04 02:49:31,762 - root - INFO - Epoch [33/80] Train Loss: 0.0101 Train Acc: 0.9168 Val Loss: 0.0062 Val Acc: 0.9638 LR: 0.000100 Time: 189.90s
2025-11-04 02:52:45,864 - root - INFO - Epoch [34/80] Train Loss: 0.0091 Train Acc: 0.9301 Val Loss: 0.0078 Val Acc: 0.9622 LR: 0.000100 Time: 194.10s
2025-11-04 02:55:59,582 - root - INFO - Epoch [35/80] Train Loss: 0.0088 Train Acc: 0.9337 Val Loss: 0.0070 Val Acc: 0.9649 LR: 0.000100 Time: 193.72s
2025-11-04 02:59:08,171 - root - INFO - Epoch [36/80] Train Loss: 0.0093 Train Acc: 0.9355 Val Loss: 0.0061 Val Acc: 0.9671 LR: 0.000100 Time: 188.59s
2025-11-04 03:02:16,344 - root - INFO - Epoch [37/80] Train Loss: 0.0095 Train Acc: 0.9290 Val Loss: 0.0068 Val Acc: 0.9601 LR: 0.000100 Time: 188.17s
2025-11-04 03:05:26,256 - root - INFO - Epoch [38/80] Train Loss: 0.0093 Train Acc: 0.9297 Val Loss: 0.0081 Val Acc: 0.9541 LR: 0.000100 Time: 189.91s
2025-11-04 03:09:26,945 - root - INFO - Epoch [39/80] Train Loss: 0.0089 Train Acc: 0.9331 Val Loss: 0.0072 Val Acc: 0.9628 LR: 0.000100 Time: 240.69s
2025-11-04 03:12:44,910 - root - INFO - Epoch [40/80] Train Loss: 0.0088 Train Acc: 0.9373 Val Loss: 0.0067 Val Acc: 0.9633 LR: 0.000100 Time: 197.96s
2025-11-04 03:15:55,589 - root - INFO - Epoch [41/80] Train Loss: 0.0084 Train Acc: 0.9382 Val Loss: 0.0060 Val Acc: 0.9633 LR: 0.000100 Time: 190.68s
2025-11-04 03:19:07,674 - root - INFO - Epoch [42/80] Train Loss: 0.0088 Train Acc: 0.9342 Val Loss: 0.0060 Val Acc: 0.9703 LR: 0.000100 Time: 192.08s
2025-11-04 03:22:19,766 - root - INFO - Epoch [43/80] Train Loss: 0.0083 Train Acc: 0.9346 Val Loss: 0.0070 Val Acc: 0.9628 LR: 0.000100 Time: 192.09s
2025-11-04 03:25:29,815 - root - INFO - Epoch [44/80] Train Loss: 0.0085 Train Acc: 0.9373 Val Loss: 0.0058 Val Acc: 0.9617 LR: 0.000100 Time: 190.05s
2025-11-04 03:28:41,086 - root - INFO - Epoch [45/80] Train Loss: 0.0080 Train Acc: 0.9373 Val Loss: 0.0064 Val Acc: 0.9633 LR: 0.000100 Time: 191.27s
2025-11-04 03:31:49,353 - root - INFO - Epoch [46/80] Train Loss: 0.0081 Train Acc: 0.9371 Val Loss: 0.0063 Val Acc: 0.9617 LR: 0.000100 Time: 188.27s
2025-11-04 03:34:58,385 - root - INFO - Epoch [47/80] Train Loss: 0.0090 Train Acc: 0.9364 Val Loss: 0.0056 Val Acc: 0.9622 LR: 0.000100 Time: 189.03s
2025-11-04 03:38:09,973 - root - INFO - Epoch [48/80] Train Loss: 0.0079 Train Acc: 0.9391 Val Loss: 0.0067 Val Acc: 0.9601 LR: 0.000100 Time: 191.59s
2025-11-04 03:41:20,169 - root - INFO - Epoch [49/80] Train Loss: 0.0079 Train Acc: 0.9417 Val Loss: 0.0053 Val Acc: 0.9692 LR: 0.000100 Time: 190.20s
2025-11-04 03:41:20,191 - root - INFO - Early stopping triggered after epoch 49
2025-11-04 03:41:20,191 - root - INFO - Training completed in 9383.10 seconds
2025-11-04 03:41:20,399 - root - INFO - Quantized model saved to results\train_2025-11-04_01-02-34\model_quantized.pth
2025-11-04 03:41:20,399 - root - INFO - Inference model saved to results\train_2025-11-04_01-02-34\model_inference.pth
2025-11-04 03:41:20,400 - root - INFO - Training completed successfully!
2025-11-04 03:41:20,400 - root - INFO - Results saved to: results\train_2025-11-04_01-02-34
2025-11-04 03:41:20,458 - root - INFO - ============================================================
2025-11-04 03:41:20,459 - root - INFO - EXECUTION COMPLETED SUCCESSFULLY!
2025-11-04 03:41:20,459 - root - INFO - ============================================================
